build/app/intermediates/manifest_merge_blame_file/release/manifest-merger-blame-release-report.txt
1<?xml version="1.0" encoding="utf-8"?>
2<manifest xmlns:android="http://schemas.android.com/apk/res/android"
3    package="com.assafbz.familyEconomics"
4    android:versionCode="5"
5    android:versionName="1.0.0" >
6
7    <uses-sdk
8        android:minSdkVersion="21"
8-->src/main/AndroidManifest.xml
9        android:targetSdkVersion="29" />
9-->src/main/AndroidManifest.xml
10
11    <uses-permission android:name="android.permission.INTERNET" />
11-->src/main/AndroidManifest.xml:65:5-66
11-->src/main/AndroidManifest.xml:65:22-64
12    <!-- Although the *SdkVersion is captured in gradle build files, this is required for non gradle builds -->
13    <!-- <uses-sdk android:minSdkVersion="14" /> -->
14    <uses-permission android:name="android.permission.ACCESS_NETWORK_STATE" />
14-->[com.google.firebase:firebase-firestore:21.5.0] AndroidManifest.xml:13:5-79
14-->[com.google.firebase:firebase-firestore:21.5.0] AndroidManifest.xml:13:22-76
15    <uses-permission android:name="android.permission.WAKE_LOCK" /> <!-- Required by older versions of Google Play services to create IID tokens -->
15-->[:firebase_analytics] AndroidManifest.xml:9:5-68
15-->[:firebase_analytics] AndroidManifest.xml:9:22-65
16    <uses-permission android:name="com.google.android.c2dm.permission.RECEIVE" />
16-->[com.google.firebase:firebase-iid:20.0.2] AndroidManifest.xml:26:5-82
16-->[com.google.firebase:firebase-iid:20.0.2] AndroidManifest.xml:26:22-79
17    <uses-permission android:name="com.google.android.finsky.permission.BIND_GET_INSTALL_REFERRER_SERVICE" />
17-->[com.google.android.gms:play-services-measurement:17.2.2] AndroidManifest.xml:26:5-110
17-->[com.google.android.gms:play-services-measurement:17.2.2] AndroidManifest.xml:26:22-107
18    <!--
19 io.flutter.app.FlutterApplication is an android.app.Application that
20         calls FlutterMain.startInitialization(this); in its onCreate method.
21         In most cases you can leave this as-is, but you if you want to provide
22         additional functionality it is fine to subclass or reimplement
23         FlutterApplication and put your custom class here.
24    -->
25    <application
25-->src/main/AndroidManifest.xml:8:5-64:19
26        android:name="io.flutter.app.FlutterApplication"
26-->src/main/AndroidManifest.xml:9:9-57
27        android:appComponentFactory="androidx.core.app.CoreComponentFactory"
27-->[androidx.core:core:1.1.0] AndroidManifest.xml:24:18-86
28        android:icon="@mipmap/ic_launcher"
28-->src/main/AndroidManifest.xml:11:9-43
29        android:label="Family Economics"
29-->src/main/AndroidManifest.xml:10:9-41
30        android:supportsRtl="true" >
30-->[com.facebook.android:facebook-login:5.5.1] AndroidManifest.xml:28:18-44
31        <activity
31-->src/main/AndroidManifest.xml:12:9-38:20
32            android:name="com.assafbz.familyEconomics.MainActivity"
32-->src/main/AndroidManifest.xml:13:13-41
33            android:configChanges="orientation|keyboardHidden|keyboard|screenSize|smallestScreenSize|locale|layoutDirection|fontScale|screenLayout|density|uiMode"
33-->src/main/AndroidManifest.xml:16:13-163
34            android:hardwareAccelerated="true"
34-->src/main/AndroidManifest.xml:17:13-47
35            android:launchMode="singleTop"
35-->src/main/AndroidManifest.xml:14:13-43
36            android:theme="@style/LaunchTheme"
36-->src/main/AndroidManifest.xml:15:13-47
37            android:windowSoftInputMode="adjustResize" >
37-->src/main/AndroidManifest.xml:18:13-55
38
39            <!--
40                 Specifies an Android theme to apply to this Activity as soon as
41                 the Android process has started. This theme is visible to the user
42                 while the Flutter UI initializes. After that, this theme continues
43                 to determine the Window background behind the Flutter UI.
44            -->
45            <meta-data
45-->src/main/AndroidManifest.xml:23:13-25:54
46                android:name="io.flutter.embedding.android.NormalTheme"
46-->src/main/AndroidManifest.xml:24:15-70
47                android:resource="@style/NormalTheme" />
47-->src/main/AndroidManifest.xml:25:15-52
48            <!--
49                 Displays an Android View that continues showing the launch screen
50                 Drawable until Flutter paints its first frame, then this splash
51                 screen fades out. A splash screen is useful to avoid any visual
52                 gap between the end of Android's launch screen and the painting of
53                 Flutter's first frame.
54            -->
55            <meta-data
55-->src/main/AndroidManifest.xml:31:13-33:63
56                android:name="io.flutter.embedding.android.SplashScreenDrawable"
56-->src/main/AndroidManifest.xml:32:15-79
57                android:resource="@drawable/launch_background" />
57-->src/main/AndroidManifest.xml:33:15-61
58
59            <intent-filter>
59-->src/main/AndroidManifest.xml:34:13-37:29
60                <action android:name="android.intent.action.MAIN" />
60-->src/main/AndroidManifest.xml:35:17-68
60-->src/main/AndroidManifest.xml:35:25-66
61
62                <category android:name="android.intent.category.LAUNCHER" />
62-->src/main/AndroidManifest.xml:36:17-76
62-->src/main/AndroidManifest.xml:36:27-74
63            </intent-filter>
64        </activity>
65
66        <meta-data
66-->src/main/AndroidManifest.xml:40:9-41:46
67            android:name="com.facebook.sdk.ApplicationId"
67-->src/main/AndroidManifest.xml:40:20-65
68            android:value="@string/facebook_app_id" />
68-->src/main/AndroidManifest.xml:41:5-44
69
70        <activity
70-->src/main/AndroidManifest.xml:43:1-46:40
71            android:name="com.facebook.FacebookActivity"
71-->src/main/AndroidManifest.xml:43:11-55
72            android:configChanges="keyboard|keyboardHidden|screenLayout|screenSize|orientation"
72-->src/main/AndroidManifest.xml:44:5-101
73            android:label="@string/app_name"
73-->src/main/AndroidManifest.xml:46:5-37
74            android:theme="@style/com_facebook_activity_theme" />
74-->[com.facebook.android:facebook-common:5.5.1] AndroidManifest.xml:32:13-63
75        <activity
75-->src/main/AndroidManifest.xml:48:1-57:12
76            android:name="com.facebook.CustomTabActivity"
76-->src/main/AndroidManifest.xml:49:5-50
77            android:exported="true" >
77-->src/main/AndroidManifest.xml:50:5-28
78            <intent-filter>
78-->src/main/AndroidManifest.xml:51:5-56:21
79                <action android:name="android.intent.action.VIEW" />
79-->src/main/AndroidManifest.xml:52:9-61
79-->src/main/AndroidManifest.xml:52:17-58
80
81                <category android:name="android.intent.category.DEFAULT" />
81-->src/main/AndroidManifest.xml:53:9-68
81-->src/main/AndroidManifest.xml:53:19-65
82                <category android:name="android.intent.category.BROWSABLE" />
82-->src/main/AndroidManifest.xml:54:9-70
82-->src/main/AndroidManifest.xml:54:19-67
83
84                <data android:scheme="@string/fb_login_protocol_scheme" />
84-->src/main/AndroidManifest.xml:55:9-67
84-->src/main/AndroidManifest.xml:55:15-64
85            </intent-filter>
86        </activity>
87
88        <!--
89             Don't delete the meta-data below.
90             This is used by the Flutter tool to generate GeneratedPluginRegistrant.java
91        -->
92        <meta-data
92-->src/main/AndroidManifest.xml:61:9-63:33
93            android:name="flutterEmbedding"
93-->src/main/AndroidManifest.xml:62:13-44
94            android:value="2" />
94-->src/main/AndroidManifest.xml:63:13-30
95
96        <activity
96-->[com.google.android.gms:play-services-auth:18.1.0] AndroidManifest.xml:23:9-27:75
97            android:name="com.google.android.gms.auth.api.signin.internal.SignInHubActivity"
97-->[com.google.android.gms:play-services-auth:18.1.0] AndroidManifest.xml:24:13-93
98            android:excludeFromRecents="true"
98-->[com.google.android.gms:play-services-auth:18.1.0] AndroidManifest.xml:25:13-46
99            android:exported="false"
99-->[com.google.android.gms:play-services-auth:18.1.0] AndroidManifest.xml:26:13-37
100            android:theme="@android:style/Theme.Translucent.NoTitleBar" />
100-->[com.google.android.gms:play-services-auth:18.1.0] AndroidManifest.xml:27:13-72
101        <!--
102            Service handling Google Sign-In user revocation. For apps that do not integrate with
103            Google Sign-In, this service will never be started.
104        -->
105        <service
105-->[com.google.android.gms:play-services-auth:18.1.0] AndroidManifest.xml:33:9-37:51
106            android:name="com.google.android.gms.auth.api.signin.RevocationBoundService"
106-->[com.google.android.gms:play-services-auth:18.1.0] AndroidManifest.xml:34:13-89
107            android:exported="true"
107-->[com.google.android.gms:play-services-auth:18.1.0] AndroidManifest.xml:35:13-36
108            android:permission="com.google.android.gms.auth.api.signin.permission.REVOCATION_NOTIFICATION"
108-->[com.google.android.gms:play-services-auth:18.1.0] AndroidManifest.xml:36:13-107
109            android:visibleToInstantApps="true" />
109-->[com.google.android.gms:play-services-auth:18.1.0] AndroidManifest.xml:37:13-48
110        <service
110-->[:firebase_auth] AndroidManifest.xml:8:9-12:19
111            android:name="com.google.firebase.components.ComponentDiscoveryService"
111-->[:firebase_auth] AndroidManifest.xml:8:18-89
112            android:directBootAware="true"
112-->[com.google.firebase:firebase-common:19.3.0] AndroidManifest.xml:34:13-43
113            android:exported="false" >
113-->[com.google.firebase:firebase-auth:19.3.2] AndroidManifest.xml:35:13-37
114            <meta-data
114-->[:firebase_auth] AndroidManifest.xml:9:13-11:85
115                android:name="com.google.firebase.components:io.flutter.plugins.firebaseauth.FlutterFirebaseAppRegistrar"
115-->[:firebase_auth] AndroidManifest.xml:10:17-122
116                android:value="com.google.firebase.components.ComponentRegistrar" />
116-->[:firebase_auth] AndroidManifest.xml:11:17-82
117            <meta-data
117-->[com.google.firebase:firebase-auth:19.3.2] AndroidManifest.xml:36:13-38:85
118                android:name="com.google.firebase.components:com.google.firebase.auth.FirebaseAuthRegistrar"
118-->[com.google.firebase:firebase-auth:19.3.2] AndroidManifest.xml:37:17-109
119                android:value="com.google.firebase.components.ComponentRegistrar" />
119-->[com.google.firebase:firebase-auth:19.3.2] AndroidManifest.xml:38:17-82
120            <meta-data
120-->[:cloud_firestore] AndroidManifest.xml:9:13-11:85
121                android:name="com.google.firebase.components:io.flutter.plugins.firebase.cloudfirestore.FlutterFirebaseAppRegistrar"
121-->[:cloud_firestore] AndroidManifest.xml:10:17-133
122                android:value="com.google.firebase.components.ComponentRegistrar" />
122-->[:cloud_firestore] AndroidManifest.xml:11:17-82
123            <meta-data
123-->[com.google.firebase:firebase-firestore:21.5.0] AndroidManifest.xml:20:13-22:85
124                android:name="com.google.firebase.components:com.google.firebase.firestore.FirestoreRegistrar"
124-->[com.google.firebase:firebase-firestore:21.5.0] AndroidManifest.xml:21:17-111
125                android:value="com.google.firebase.components.ComponentRegistrar" />
125-->[com.google.firebase:firebase-firestore:21.5.0] AndroidManifest.xml:22:17-82
126            <meta-data
126-->[:firebase_analytics] AndroidManifest.xml:13:13-15:85
127                android:name="com.google.firebase.components:io.flutter.plugins.firebaseanalytics.FlutterFirebaseAppRegistrar"
127-->[:firebase_analytics] AndroidManifest.xml:14:17-127
128                android:value="com.google.firebase.components.ComponentRegistrar" />
128-->[:firebase_analytics] AndroidManifest.xml:15:17-82
129            <meta-data
129-->[:firebase_core] AndroidManifest.xml:9:13-11:85
130                android:name="com.google.firebase.components:io.flutter.plugins.firebase.core.FlutterFirebaseAppRegistrar"
130-->[:firebase_core] AndroidManifest.xml:10:17-123
131                android:value="com.google.firebase.components.ComponentRegistrar" />
131-->[:firebase_core] AndroidManifest.xml:11:17-82
132            <meta-data
132-->[com.google.android.gms:play-services-measurement-api:17.2.2] AndroidManifest.xml:30:13-32:85
133                android:name="com.google.firebase.components:com.google.firebase.analytics.connector.internal.AnalyticsConnectorRegistrar"
133-->[com.google.android.gms:play-services-measurement-api:17.2.2] AndroidManifest.xml:31:17-139
134                android:value="com.google.firebase.components.ComponentRegistrar" />
134-->[com.google.android.gms:play-services-measurement-api:17.2.2] AndroidManifest.xml:32:17-82
135            <meta-data
135-->[com.google.firebase:firebase-iid:20.0.2] AndroidManifest.xml:32:13-34:85
136                android:name="com.google.firebase.components:com.google.firebase.iid.Registrar"
136-->[com.google.firebase:firebase-iid:20.0.2] AndroidManifest.xml:33:17-96
137                android:value="com.google.firebase.components.ComponentRegistrar" />
137-->[com.google.firebase:firebase-iid:20.0.2] AndroidManifest.xml:34:17-82
138        </service>
139
140        <activity
140-->[com.google.firebase:firebase-auth:19.3.2] AndroidManifest.xml:24:9-31:50
141            android:name="com.google.firebase.auth.internal.FederatedSignInActivity"
141-->[com.google.firebase:firebase-auth:19.3.2] AndroidManifest.xml:25:13-85
142            android:excludeFromRecents="true"
142-->[com.google.firebase:firebase-auth:19.3.2] AndroidManifest.xml:26:13-46
143            android:exported="true"
143-->[com.google.firebase:firebase-auth:19.3.2] AndroidManifest.xml:27:13-36
144            android:launchMode="singleTask"
144-->[com.google.firebase:firebase-auth:19.3.2] AndroidManifest.xml:28:13-44
145            android:permission="com.google.firebase.auth.api.gms.permission.LAUNCH_FEDERATED_SIGN_IN"
145-->[com.google.firebase:firebase-auth:19.3.2] AndroidManifest.xml:29:13-102
146            android:theme="@android:style/Theme.Translucent.NoTitleBar" />
146-->[com.google.firebase:firebase-auth:19.3.2] AndroidManifest.xml:30:13-72
147        <activity
147-->[:url_launcher] AndroidManifest.xml:8:9-11:74
148            android:name="io.flutter.plugins.urllauncher.WebViewActivity"
148-->[:url_launcher] AndroidManifest.xml:9:13-74
149            android:exported="false"
149-->[:url_launcher] AndroidManifest.xml:10:13-37
150            android:theme="@android:style/Theme.NoTitleBar.Fullscreen" />
150-->[:url_launcher] AndroidManifest.xml:11:13-71
151
152        <receiver
152-->[com.google.firebase:firebase-iid:20.0.2] AndroidManifest.xml:37:9-44:20
153            android:name="com.google.firebase.iid.FirebaseInstanceIdReceiver"
153-->[com.google.firebase:firebase-iid:20.0.2] AndroidManifest.xml:38:13-78
154            android:exported="true"
154-->[com.google.firebase:firebase-iid:20.0.2] AndroidManifest.xml:39:13-36
155            android:permission="com.google.android.c2dm.permission.SEND" >
155-->[com.google.firebase:firebase-iid:20.0.2] AndroidManifest.xml:40:13-73
156            <intent-filter>
156-->[com.google.firebase:firebase-iid:20.0.2] AndroidManifest.xml:41:13-43:29
157                <action android:name="com.google.android.c2dm.intent.RECEIVE" />
157-->[com.google.firebase:firebase-iid:20.0.2] AndroidManifest.xml:42:17-81
157-->[com.google.firebase:firebase-iid:20.0.2] AndroidManifest.xml:42:25-78
158            </intent-filter>
159        </receiver>
160
161        <activity
161-->[com.google.android.gms:play-services-base:17.1.0] AndroidManifest.xml:23:9-26:75
162            android:name="com.google.android.gms.common.api.GoogleApiActivity"
162-->[com.google.android.gms:play-services-base:17.1.0] AndroidManifest.xml:24:13-79
163            android:exported="false"
163-->[com.google.android.gms:play-services-base:17.1.0] AndroidManifest.xml:25:13-37
164            android:theme="@android:style/Theme.Translucent.NoTitleBar" />
164-->[com.google.android.gms:play-services-base:17.1.0] AndroidManifest.xml:26:13-72
165
166        <provider
166-->[com.google.firebase:firebase-common:19.3.0] AndroidManifest.xml:26:9-30:39
167            android:name="com.google.firebase.provider.FirebaseInitProvider"
167-->[com.google.firebase:firebase-common:19.3.0] AndroidManifest.xml:27:13-77
168            android:authorities="com.assafbz.familyEconomics.firebaseinitprovider"
168-->[com.google.firebase:firebase-common:19.3.0] AndroidManifest.xml:28:13-72
169            android:exported="false"
169-->[com.google.firebase:firebase-common:19.3.0] AndroidManifest.xml:29:13-37
170            android:initOrder="100" />
170-->[com.google.firebase:firebase-common:19.3.0] AndroidManifest.xml:30:13-36
171
172        <receiver
172-->[com.google.android.gms:play-services-measurement:17.2.2] AndroidManifest.xml:29:9-33:20
173            android:name="com.google.android.gms.measurement.AppMeasurementReceiver"
173-->[com.google.android.gms:play-services-measurement:17.2.2] AndroidManifest.xml:30:13-85
174            android:enabled="true"
174-->[com.google.android.gms:play-services-measurement:17.2.2] AndroidManifest.xml:31:13-35
175            android:exported="false" >
175-->[com.google.android.gms:play-services-measurement:17.2.2] AndroidManifest.xml:32:13-37
176        </receiver>
177        <receiver
177-->[com.google.android.gms:play-services-measurement:17.2.2] AndroidManifest.xml:34:9-42:20
178            android:name="com.google.android.gms.measurement.AppMeasurementInstallReferrerReceiver"
178-->[com.google.android.gms:play-services-measurement:17.2.2] AndroidManifest.xml:35:13-100
179            android:enabled="true"
179-->[com.google.android.gms:play-services-measurement:17.2.2] AndroidManifest.xml:36:13-35
180            android:exported="true"
180-->[com.google.android.gms:play-services-measurement:17.2.2] AndroidManifest.xml:37:13-36
181            android:permission="android.permission.INSTALL_PACKAGES" >
181-->[com.google.android.gms:play-services-measurement:17.2.2] AndroidManifest.xml:38:13-69
182            <intent-filter>
182-->[com.google.android.gms:play-services-measurement:17.2.2] AndroidManifest.xml:39:13-41:29
183                <action android:name="com.android.vending.INSTALL_REFERRER" />
183-->[com.google.android.gms:play-services-measurement:17.2.2] AndroidManifest.xml:40:17-79
183-->[com.google.android.gms:play-services-measurement:17.2.2] AndroidManifest.xml:40:25-76
184            </intent-filter>
185        </receiver>
186
187        <service
187-->[com.google.android.gms:play-services-measurement:17.2.2] AndroidManifest.xml:44:9-47:40
188            android:name="com.google.android.gms.measurement.AppMeasurementService"
188-->[com.google.android.gms:play-services-measurement:17.2.2] AndroidManifest.xml:45:13-84
189            android:enabled="true"
189-->[com.google.android.gms:play-services-measurement:17.2.2] AndroidManifest.xml:46:13-35
190            android:exported="false" />
190-->[com.google.android.gms:play-services-measurement:17.2.2] AndroidManifest.xml:47:13-37
191        <service
191-->[com.google.android.gms:play-services-measurement:17.2.2] AndroidManifest.xml:48:9-52:72
192            android:name="com.google.android.gms.measurement.AppMeasurementJobService"
192-->[com.google.android.gms:play-services-measurement:17.2.2] AndroidManifest.xml:49:13-87
193            android:enabled="true"
193-->[com.google.android.gms:play-services-measurement:17.2.2] AndroidManifest.xml:50:13-35
194            android:exported="false"
194-->[com.google.android.gms:play-services-measurement:17.2.2] AndroidManifest.xml:51:13-37
195            android:permission="android.permission.BIND_JOB_SERVICE" />
195-->[com.google.android.gms:play-services-measurement:17.2.2] AndroidManifest.xml:52:13-69
196
197        <meta-data
197-->[com.google.android.gms:play-services-basement:17.1.1] AndroidManifest.xml:23:9-25:69
198            android:name="com.google.android.gms.version"
198-->[com.google.android.gms:play-services-basement:17.1.1] AndroidManifest.xml:24:13-58
199            android:value="@integer/google_play_services_version" />
199-->[com.google.android.gms:play-services-basement:17.1.1] AndroidManifest.xml:25:13-66
200
201        <activity android:name="com.facebook.CustomTabMainActivity" />
201-->[com.facebook.android:facebook-common:5.5.1] AndroidManifest.xml:33:9-71
201-->[com.facebook.android:facebook-common:5.5.1] AndroidManifest.xml:33:19-68
202        <!--
203         The initialization ContentProvider will call FacebookSdk.sdkInitialize automatically
204         with the application context. This config is merged in with the host app's manifest,
205         but there can only be one provider with the same authority activated at any given
206         point; so if the end user has two or more different apps that use Facebook SDK, only the
207         first one will be able to use the provider. To work around this problem, we use the
208         following placeholder in the authority to identify each host application as if it was
209         a completely different provider.
210        -->
211        <provider
211-->[com.facebook.android:facebook-core:5.5.1] AndroidManifest.xml:39:9-42:40
212            android:name="com.facebook.internal.FacebookInitProvider"
212-->[com.facebook.android:facebook-core:5.5.1] AndroidManifest.xml:40:13-70
213            android:authorities="com.assafbz.familyEconomics.FacebookInitProvider"
213-->[com.facebook.android:facebook-core:5.5.1] AndroidManifest.xml:41:13-72
214            android:exported="false" />
214-->[com.facebook.android:facebook-core:5.5.1] AndroidManifest.xml:42:13-37
215
216        <receiver
216-->[com.facebook.android:facebook-core:5.5.1] AndroidManifest.xml:44:9-50:20
217            android:name="com.facebook.CurrentAccessTokenExpirationBroadcastReceiver"
217-->[com.facebook.android:facebook-core:5.5.1] AndroidManifest.xml:45:13-86
218            android:exported="false" >
218-->[com.facebook.android:facebook-core:5.5.1] AndroidManifest.xml:46:13-37
219            <intent-filter>
219-->[com.facebook.android:facebook-core:5.5.1] AndroidManifest.xml:47:13-49:29
220                <action android:name="com.facebook.sdk.ACTION_CURRENT_ACCESS_TOKEN_CHANGED" />
220-->[com.facebook.android:facebook-core:5.5.1] AndroidManifest.xml:48:17-95
220-->[com.facebook.android:facebook-core:5.5.1] AndroidManifest.xml:48:25-92
221            </intent-filter>
222        </receiver>
223        <receiver
223-->[com.facebook.android:facebook-core:5.5.1] AndroidManifest.xml:51:9-58:20
224            android:name="com.facebook.CampaignTrackingReceiver"
224-->[com.facebook.android:facebook-core:5.5.1] AndroidManifest.xml:52:13-65
225            android:exported="true"
225-->[com.facebook.android:facebook-core:5.5.1] AndroidManifest.xml:53:13-36
226            android:permission="android.permission.INSTALL_PACKAGES" >
226-->[com.facebook.android:facebook-core:5.5.1] AndroidManifest.xml:54:13-69
227            <intent-filter>
227-->[com.google.android.gms:play-services-measurement:17.2.2] AndroidManifest.xml:39:13-41:29
228                <action android:name="com.android.vending.INSTALL_REFERRER" />
228-->[com.google.android.gms:play-services-measurement:17.2.2] AndroidManifest.xml:40:17-79
228-->[com.google.android.gms:play-services-measurement:17.2.2] AndroidManifest.xml:40:25-76
229            </intent-filter>
230        </receiver>
231    </application>
232
233</manifest>